# JRE version: Java(TM) SE Runtime Environment (7.0_79-b15) (build 1.7.0_79-b15)
# Java VM: Java HotSpot(TM) 64-Bit Server VM (24.79-b02 mixed mode windows-amd64 compressed oops)
Heap
 PSYoungGen      total 308224K, used 59789K [0x00000000eaa80000, 0x00000000ffd80000, 0x0000000100000000)
  eden space 269312K, 22% used [0x00000000eaa80000,0x00000000ee4e36d0,0x00000000fb180000)
  from space 38912K, 0% used [0x00000000fb180000,0x00000000fb180000,0x00000000fd780000)
  to   space 38912K, 0% used [0x00000000fd780000,0x00000000fd780000,0x00000000ffd80000)
 ParOldGen       total 134144K, used 52082K [0x00000000c0000000, 0x00000000c8300000, 0x00000000eaa80000)
  object space 134144K, 38% used [0x00000000c0000000,0x00000000c32dc898,0x00000000c8300000)
 PSPermGen       total 104448K, used 55476K [0x00000000b0000000, 0x00000000b6600000, 0x00000000c0000000)
  object space 104448K, 53% used [0x00000000b0000000,0x00000000b362d018,0x00000000b6600000)
GC Heap History (10 events):
Event: 1760.720 GC heap before
{Heap before GC invocations=14 (full 3):
 PSYoungGen      total 306688K, used 121404K [0x00000000eaa80000, 0x00000000ffe80000, 0x0000000100000000)
  eden space 268288K, 36% used [0x00000000eaa80000,0x00000000f0a6cee8,0x00000000fb080000)
  from space 38400K, 60% used [0x00000000fd900000,0x00000000fefa24c8,0x00000000ffe80000)
  to   space 39936K, 0% used [0x00000000fb080000,0x00000000fb080000,0x00000000fd780000)
 ParOldGen       total 134144K, used 52978K [0x00000000c0000000, 0x00000000c8300000, 0x00000000eaa80000)
  object space 134144K, 39% used [0x00000000c0000000,0x00000000c33bc8a8,0x00000000c8300000)
 PSPermGen       total 111616K, used 55338K [0x00000000b0000000, 0x00000000b6d00000, 0x00000000c0000000)
  object space 111616K, 49% used [0x00000000b0000000,0x00000000b360a968,0x00000000b6d00000)
Event: 1760.732 GC heap after
Heap after GC invocations=14 (full 3):
 PSYoungGen      total 308224K, used 544K [0x00000000eaa80000, 0x00000000fff80000, 0x0000000100000000)
  eden space 268288K, 0% used [0x00000000eaa80000,0x00000000eaa80000,0x00000000fb080000)
  from space 39936K, 1% used [0x00000000fb080000,0x00000000fb108000,0x00000000fd780000)
  to   space 40448K, 0% used [0x00000000fd800000,0x00000000fd800000,0x00000000fff80000)
 ParOldGen       total 134144K, used 62488K [0x00000000c0000000, 0x00000000c8300000, 0x00000000eaa80000)
  object space 134144K, 46% used [0x00000000c0000000,0x00000000c3d061d0,0x00000000c8300000)
 PSPermGen       total 111616K, used 55338K [0x00000000b0000000, 0x00000000b6d00000, 0x00000000c0000000)
  object space 111616K, 49% used [0x00000000b0000000,0x00000000b360a968,0x00000000b6d00000)
}
Event: 1760.732 GC heap before
{Heap before GC invocations=15 (full 4):
 PSYoungGen      total 308224K, used 544K [0x00000000eaa80000, 0x00000000fff80000, 0x0000000100000000)
  eden space 268288K, 0% used [0x00000000eaa80000,0x00000000eaa80000,0x00000000fb080000)
  from space 39936K, 1% used [0x00000000fb080000,0x00000000fb108000,0x00000000fd780000)
  to   space 40448K, 0% used [0x00000000fd800000,0x00000000fd800000,0x00000000fff80000)
 ParOldGen       total 134144K, used 62488K [0x00000000c0000000, 0x00000000c8300000, 0x00000000eaa80000)
  object space 134144K, 46% used [0x00000000c0000000,0x00000000c3d061d0,0x00000000c8300000)
 PSPermGen       total 111616K, used 55338K [0x00000000b0000000, 0x00000000b6d00000, 0x00000000c0000000)
  object space 111616K, 49% used [0x00000000b0000000,0x00000000b360a968,0x00000000b6d00000)
Event: 1761.723 GC heap after
Heap after GC invocations=15 (full 4):
 PSYoungGen      total 308224K, used 0K [0x00000000eaa80000, 0x00000000fff80000, 0x0000000100000000)
  eden space 268288K, 0% used [0x00000000eaa80000,0x00000000eaa80000,0x00000000fb080000)
  from space 39936K, 0% used [0x00000000fb080000,0x00000000fb080000,0x00000000fd780000)
  to   space 40448K, 0% used [0x00000000fd800000,0x00000000fd800000,0x00000000fff80000)
 ParOldGen       total 134144K, used 61030K [0x00000000c0000000, 0x00000000c8300000, 0x00000000eaa80000)
  object space 134144K, 45% used [0x00000000c0000000,0x00000000c3b99b08,0x00000000c8300000)
 PSPermGen       total 108544K, used 55335K [0x00000000b0000000, 0x00000000b6a00000, 0x00000000c0000000)
  object space 108544K, 50% used [0x00000000b0000000,0x00000000b3609f30,0x00000000b6a00000)
}
Event: 3790.284 GC heap before
{Heap before GC invocations=16 (full 4):
 PSYoungGen      total 308224K, used 268288K [0x00000000eaa80000, 0x00000000fff80000, 0x0000000100000000)
  eden space 268288K, 100% used [0x00000000eaa80000,0x00000000fb080000,0x00000000fb080000)
  from space 39936K, 0% used [0x00000000fb080000,0x00000000fb080000,0x00000000fd780000)
  to   space 40448K, 0% used [0x00000000fd800000,0x00000000fd800000,0x00000000fff80000)
 ParOldGen       total 134144K, used 61030K [0x00000000c0000000, 0x00000000c8300000, 0x00000000eaa80000)
  object space 134144K, 45% used [0x00000000c0000000,0x00000000c3b99b08,0x00000000c8300000)
 PSPermGen       total 108544K, used 55789K [0x00000000b0000000, 0x00000000b6a00000, 0x00000000c0000000)
  object space 108544K, 51% used [0x00000000b0000000,0x00000000b367b7d8,0x00000000b6a00000)
Event: 3790.328 GC heap after
Heap after GC invocations=16 (full 4):
 PSYoungGen      total 307712K, used 11638K [0x00000000eaa80000, 0x00000000ffd80000, 0x0000000100000000)
  eden space 269312K, 0% used [0x00000000eaa80000,0x00000000eaa80000,0x00000000fb180000)
  from space 38400K, 30% used [0x00000000fd800000,0x00000000fe35dbe8,0x00000000ffd80000)
  to   space 38912K, 0% used [0x00000000fb180000,0x00000000fb180000,0x00000000fd780000)
 ParOldGen       total 134144K, used 61030K [0x00000000c0000000, 0x00000000c8300000, 0x00000000eaa80000)
  object space 134144K, 45% used [0x00000000c0000000,0x00000000c3b99b08,0x00000000c8300000)
 PSPermGen       total 108544K, used 55789K [0x00000000b0000000, 0x00000000b6a00000, 0x00000000c0000000)
  object space 108544K, 51% used [0x00000000b0000000,0x00000000b367b7d8,0x00000000b6a00000)
}
Event: 3796.773 GC heap before
{Heap before GC invocations=17 (full 4):
 PSYoungGen      total 307712K, used 67699K [0x00000000eaa80000, 0x00000000ffd80000, 0x0000000100000000)
  eden space 269312K, 20% used [0x00000000eaa80000,0x00000000ee13f098,0x00000000fb180000)
  from space 38400K, 30% used [0x00000000fd800000,0x00000000fe35dbe8,0x00000000ffd80000)
  to   space 38912K, 0% used [0x00000000fb180000,0x00000000fb180000,0x00000000fd780000)
 ParOldGen       total 134144K, used 61030K [0x00000000c0000000, 0x00000000c8300000, 0x00000000eaa80000)
  object space 134144K, 45% used [0x00000000c0000000,0x00000000c3b99b08,0x00000000c8300000)
 PSPermGen       total 108544K, used 55957K [0x00000000b0000000, 0x00000000b6a00000, 0x00000000c0000000)
  object space 108544K, 51% used [0x00000000b0000000,0x00000000b36a54e8,0x00000000b6a00000)
Event: 3796.776 GC heap after
Heap after GC invocations=17 (full 4):
 PSYoungGen      total 308224K, used 448K [0x00000000eaa80000, 0x00000000ffd80000, 0x0000000100000000)
  eden space 269312K, 0% used [0x00000000eaa80000,0x00000000eaa80000,0x00000000fb180000)
  from space 38912K, 1% used [0x00000000fb180000,0x00000000fb1f0000,0x00000000fd780000)
  to   space 38912K, 0% used [0x00000000fd780000,0x00000000fd780000,0x00000000ffd80000)
 ParOldGen       total 134144K, used 61706K [0x00000000c0000000, 0x00000000c8300000, 0x00000000eaa80000)
  object space 134144K, 46% used [0x00000000c0000000,0x00000000c3c42998,0x00000000c8300000)
 PSPermGen       total 108544K, used 55957K [0x00000000b0000000, 0x00000000b6a00000, 0x00000000c0000000)
  object space 108544K, 51% used [0x00000000b0000000,0x00000000b36a54e8,0x00000000b6a00000)
}
Event: 3796.776 GC heap before
{Heap before GC invocations=18 (full 5):
 PSYoungGen      total 308224K, used 448K [0x00000000eaa80000, 0x00000000ffd80000, 0x0000000100000000)
  eden space 269312K, 0% used [0x00000000eaa80000,0x00000000eaa80000,0x00000000fb180000)
  from space 38912K, 1% used [0x00000000fb180000,0x00000000fb1f0000,0x00000000fd780000)
  to   space 38912K, 0% used [0x00000000fd780000,0x00000000fd780000,0x00000000ffd80000)
 ParOldGen       total 134144K, used 61706K [0x00000000c0000000, 0x00000000c8300000, 0x00000000eaa80000)
  object space 134144K, 46% used [0x00000000c0000000,0x00000000c3c42998,0x00000000c8300000)
 PSPermGen       total 108544K, used 55957K [0x00000000b0000000, 0x00000000b6a00000, 0x00000000c0000000)
  object space 108544K, 51% used [0x00000000b0000000,0x00000000b36a54e8,0x00000000b6a00000)
Event: 3797.607 GC heap after
Heap after GC invocations=18 (full 5):
 PSYoungGen      total 308224K, used 0K [0x00000000eaa80000, 0x00000000ffd80000, 0x0000000100000000)
  eden space 269312K, 0% used [0x00000000eaa80000,0x00000000eaa80000,0x00000000fb180000)
  from space 38912K, 0% used [0x00000000fb180000,0x00000000fb180000,0x00000000fd780000)
  to   space 38912K, 0% used [0x00000000fd780000,0x00000000fd780000,0x00000000ffd80000)
 ParOldGen       total 134144K, used 52082K [0x00000000c0000000, 0x00000000c8300000, 0x00000000eaa80000)
  object space 134144K, 38% used [0x00000000c0000000,0x00000000c32dc898,0x00000000c8300000)
 PSPermGen       total 104448K, used 55321K [0x00000000b0000000, 0x00000000b6600000, 0x00000000c0000000)
  object space 104448K, 52% used [0x00000000b0000000,0x00000000b3606770,0x00000000b6600000)
}

